Determining if the pthread_create exist failed with the following output:
Change Dir: /home/ian/simu_test/rgbd_slam/build/CMakeFiles/CMakeTmp

Run Build Command:"/usr/bin/make" "cmTC_bb9cb/fast"
/usr/bin/make -f CMakeFiles/cmTC_bb9cb.dir/build.make CMakeFiles/cmTC_bb9cb.dir/build
make[1]: Entering directory '/home/ian/simu_test/rgbd_slam/build/CMakeFiles/CMakeTmp'
Building C object CMakeFiles/cmTC_bb9cb.dir/CheckSymbolExists.c.o
/usr/bin/cc     -o CMakeFiles/cmTC_bb9cb.dir/CheckSymbolExists.c.o   -c /home/ian/simu_test/rgbd_slam/build/CMakeFiles/CMakeTmp/CheckSymbolExists.c
Linking C executable cmTC_bb9cb
/usr/bin/cmake -E cmake_link_script CMakeFiles/cmTC_bb9cb.dir/link.txt --verbose=1
/usr/bin/cc       CMakeFiles/cmTC_bb9cb.dir/CheckSymbolExists.c.o  -o cmTC_bb9cb -rdynamic 
CMakeFiles/cmTC_bb9cb.dir/CheckSymbolExists.c.o：在函数‘main’中：
CheckSymbolExists.c:(.text+0x16)：对‘pthread_create’未定义的引用
collect2: error: ld returned 1 exit status
CMakeFiles/cmTC_bb9cb.dir/build.make:97: recipe for target 'cmTC_bb9cb' failed
make[1]: *** [cmTC_bb9cb] Error 1
make[1]: Leaving directory '/home/ian/simu_test/rgbd_slam/build/CMakeFiles/CMakeTmp'
Makefile:126: recipe for target 'cmTC_bb9cb/fast' failed
make: *** [cmTC_bb9cb/fast] Error 2

File /home/ian/simu_test/rgbd_slam/build/CMakeFiles/CMakeTmp/CheckSymbolExists.c:
/* */
#include <pthread.h>

int main(int argc, char** argv)
{
  (void)argv;
#ifndef pthread_create
  return ((int*)(&pthread_create))[argc];
#else
  (void)argc;
  return 0;
#endif
}

Determining if the function pthread_create exists in the pthreads failed with the following output:
Change Dir: /home/ian/simu_test/rgbd_slam/build/CMakeFiles/CMakeTmp

Run Build Command:"/usr/bin/make" "cmTC_52972/fast"
/usr/bin/make -f CMakeFiles/cmTC_52972.dir/build.make CMakeFiles/cmTC_52972.dir/build
make[1]: Entering directory '/home/ian/simu_test/rgbd_slam/build/CMakeFiles/CMakeTmp'
Building C object CMakeFiles/cmTC_52972.dir/CheckFunctionExists.c.o
/usr/bin/cc    -DCHECK_FUNCTION_EXISTS=pthread_create   -o CMakeFiles/cmTC_52972.dir/CheckFunctionExists.c.o   -c /usr/share/cmake-3.5/Modules/CheckFunctionExists.c
Linking C executable cmTC_52972
/usr/bin/cmake -E cmake_link_script CMakeFiles/cmTC_52972.dir/link.txt --verbose=1
/usr/bin/cc   -DCHECK_FUNCTION_EXISTS=pthread_create    CMakeFiles/cmTC_52972.dir/CheckFunctionExists.c.o  -o cmTC_52972 -rdynamic -lpthreads 
/usr/bin/ld: 找不到 -lpthreads
collect2: error: ld returned 1 exit status
CMakeFiles/cmTC_52972.dir/build.make:97: recipe for target 'cmTC_52972' failed
make[1]: *** [cmTC_52972] Error 1
make[1]: Leaving directory '/home/ian/simu_test/rgbd_slam/build/CMakeFiles/CMakeTmp'
Makefile:126: recipe for target 'cmTC_52972/fast' failed
make: *** [cmTC_52972/fast] Error 2


